<?xml version="1.0" encoding="UTF-8"?>
<!-- Generated by org.testng.reporters.JUnitXMLReporter -->
<testsuite ignored="0" hostname="AS-PC-23" failures="3" tests="7" name="Test3" time="69.009" errors="0" timestamp="2024-08-16T11:55:46 IST">
  <testcase classname="testCases.TC003_LoginDDT" name="verifyLoginDDT" time="9.958"/>
  <testcase classname="testCases.TC003_LoginDDT" name="verifyLoginDDT" time="9.076">
    <skipped/>
  </testcase> <!-- verifyLoginDDT -->
  <testcase classname="testCases.TC003_LoginDDT" name="verifyLoginDDT" time="9.146">
    <failure type="java.lang.AssertionError" message="expected [true] but found [false]">
      <![CDATA[java.lang.AssertionError: expected [true] but found [false]
at testCases.TC003_LoginDDT.verifyLoginDDT(TC003_LoginDDT.java:48)
at java.base/java.util.ArrayList.forEach(ArrayList.java:1511)
... Removed 31 stack frames]]>
    </failure>
  </testcase> <!-- verifyLoginDDT -->
  <testcase classname="testCases.TC003_LoginDDT" name="verifyLoginDDT" time="9.124">
    <skipped/>
  </testcase> <!-- verifyLoginDDT -->
  <testcase classname="testCases.TC003_LoginDDT" name="verifyLoginDDT" time="8.868">
    <failure type="java.lang.AssertionError" message="expected [true] but found [false]">
      <![CDATA[java.lang.AssertionError: expected [true] but found [false]
at testCases.TC003_LoginDDT.verifyLoginDDT(TC003_LoginDDT.java:48)
at java.base/java.util.ArrayList.forEach(ArrayList.java:1511)
... Removed 31 stack frames]]>
    </failure>
  </testcase> <!-- verifyLoginDDT -->
  <testcase classname="testCases.TC003_LoginDDT" name="verifyLoginDDT" time="9.151">
    <skipped/>
  </testcase> <!-- verifyLoginDDT -->
  <testcase classname="testCases.TC003_LoginDDT" name="verifyLoginDDT" time="9.044">
    <failure type="java.lang.AssertionError" message="expected [true] but found [false]">
      <![CDATA[java.lang.AssertionError: expected [true] but found [false]
at testCases.TC003_LoginDDT.verifyLoginDDT(TC003_LoginDDT.java:48)
at java.base/java.util.ArrayList.forEach(ArrayList.java:1511)
... Removed 31 stack frames]]>
    </failure>
  </testcase> <!-- verifyLoginDDT -->
</testsuite> <!-- Test3 -->
