<?xml version="1.0" encoding="UTF-8"?>
<!-- Generated by org.testng.reporters.JUnitXMLReporter -->
<testsuite ignored="0" hostname="AS-PC-23" failures="0" tests="4" name="Test" time="2.797" errors="0" timestamp="2024-08-16T11:42:28 IST">
  <testcase classname="testBase.BaseTest" name="@BeforeClass setup" time="0.746">
    <failure type="java.lang.NullPointerException" message="Cannot invoke &amp;quot;String.equalsIgnoreCase(String)&amp;quot; because the return value of &amp;quot;java.util.Properties.getProperty(String)&amp;quot; is null">
      <![CDATA[java.lang.NullPointerException: Cannot invoke "String.equalsIgnoreCase(String)" because the return value of "java.util.Properties.getProperty(String)" is null
at testBase.BaseTest.setup(BaseTest.java:46)
at java.base/java.util.ArrayList.forEach(ArrayList.java:1511)
... Removed 25 stack frames]]>
    </failure>
  </testcase> <!-- @BeforeClass setup -->
  <testcase classname="testBase.BaseTest" name="@AfterClass teardown" time="0.0">
    <skipped/>
  </testcase> <!-- @AfterClass teardown -->
  <testcase classname="testCases.TC003_LoginDDT" name="verifyLoginDDT" time="0.0">
    <skipped/>
  </testcase> <!-- verifyLoginDDT -->
  <testcase classname="testCases.TC003_LoginDDT" name="verifyLoginDDT" time="0.0">
    <skipped/>
  </testcase> <!-- verifyLoginDDT -->
  <testcase classname="testCases.TC003_LoginDDT" name="verifyLoginDDT" time="0.008">
    <skipped/>
  </testcase> <!-- verifyLoginDDT -->
  <testcase classname="testCases.TC003_LoginDDT" name="verifyLoginDDT" time="0.001">
    <skipped/>
  </testcase> <!-- verifyLoginDDT -->
</testsuite> <!-- Test -->
