<?xml version="1.0" encoding="UTF-8"?>
<!-- Generated by org.testng.reporters.JUnitXMLReporter -->
<testsuite ignored="0" hostname="AS-PC-23" failures="3" tests="7" name="Test" time="78.749" errors="0" timestamp="2024-08-27T11:21:32 IST">
  <testcase classname="testCases.TC003_LoginDDT" name="verifyLoginDDT" time="10.532"/>
  <testcase classname="testCases.TC003_LoginDDT" name="verifyLoginDDT" time="9.16">
    <skipped/>
  </testcase> <!-- verifyLoginDDT -->
  <testcase classname="testCases.TC003_LoginDDT" name="verifyLoginDDT" time="9.209">
    <failure type="java.lang.AssertionError" message="expected [true] but found [false]">
      <![CDATA[java.lang.AssertionError: expected [true] but found [false]
at testCases.TC003_LoginDDT.verifyLoginDDT(TC003_LoginDDT.java:48)
at java.base/java.util.ArrayList.forEach(ArrayList.java:1596)
... Removed 33 stack frames]]>
    </failure>
  </testcase> <!-- verifyLoginDDT -->
  <testcase classname="testCases.TC003_LoginDDT" name="verifyLoginDDT" time="9.137">
    <skipped/>
  </testcase> <!-- verifyLoginDDT -->
  <testcase classname="testCases.TC003_LoginDDT" name="verifyLoginDDT" time="9.145">
    <failure type="java.lang.AssertionError" message="expected [true] but found [false]">
      <![CDATA[java.lang.AssertionError: expected [true] but found [false]
at testCases.TC003_LoginDDT.verifyLoginDDT(TC003_LoginDDT.java:48)
at java.base/java.util.ArrayList.forEach(ArrayList.java:1596)
... Removed 33 stack frames]]>
    </failure>
  </testcase> <!-- verifyLoginDDT -->
  <testcase classname="testCases.TC003_LoginDDT" name="verifyLoginDDT" time="9.055">
    <skipped/>
  </testcase> <!-- verifyLoginDDT -->
  <testcase classname="testCases.TC003_LoginDDT" name="verifyLoginDDT" time="9.084">
    <failure type="java.lang.AssertionError" message="expected [true] but found [false]">
      <![CDATA[java.lang.AssertionError: expected [true] but found [false]
at testCases.TC003_LoginDDT.verifyLoginDDT(TC003_LoginDDT.java:48)
at java.base/java.util.ArrayList.forEach(ArrayList.java:1596)
... Removed 33 stack frames]]>
    </failure>
  </testcase> <!-- verifyLoginDDT -->
</testsuite> <!-- Test -->
