<?xml version="1.0" encoding="UTF-8"?>
<testng-results ignored="0" total="1" passed="1" failed="0" skipped="0">
  <reporter-output>
  </reporter-output>
  <suite started-at="2024-09-18T12:37:26 IST" name="Default suite" finished-at="2024-09-18T12:42:27 IST" duration-ms="300789">
    <groups>
    </groups>
    <test started-at="2024-09-18T12:37:26 IST" name="Default test" finished-at="2024-09-18T12:42:27 IST" duration-ms="300789">
      <class name="testCases.ActiveScan">
        <test-method is-config="true" signature="setUp()[pri:0, instance:testCases.ActiveScan@771a660]" started-at="2024-09-18T12:37:26 IST" name="setUp" finished-at="2024-09-18T12:37:28 IST" duration-ms="2451" status="PASS">
          <reporter-output>
          </reporter-output>
        </test-method> <!-- setUp -->
        <test-method signature="testActiveScan()[pri:0, instance:testCases.ActiveScan@771a660]" started-at="2024-09-18T12:37:28 IST" name="testActiveScan" finished-at="2024-09-18T12:42:24 IST" duration-ms="295929" status="PASS">
          <reporter-output>
          </reporter-output>
        </test-method> <!-- testActiveScan -->
        <test-method is-config="true" signature="tearDown()[pri:0, instance:testCases.ActiveScan@771a660]" started-at="2024-09-18T12:42:24 IST" name="tearDown" finished-at="2024-09-18T12:42:27 IST" duration-ms="2318" status="PASS">
          <reporter-output>
          </reporter-output>
        </test-method> <!-- tearDown -->
      </class> <!-- testCases.ActiveScan -->
    </test> <!-- Default test -->
  </suite> <!-- Default suite -->
</testng-results>
